
> green-sourcing-b2b-app@0.1.0 type-check
> tsc --noEmit

app/admin/my-rfqs/page.tsx(88,34): error TS7006: Parameter 'response' implicitly has an 'any' type.
app/api/agent/draft-response/route.ts(7,28): error TS4111: Property 'AZURE_OPENAI_API_KEY' comes from an index signature, so it must be accessed with ['AZURE_OPENAI_API_KEY'].
app/api/agent/draft-response/route.ts(8,30): error TS4111: Property 'AZURE_OPENAI_ENDPOINT' comes from an index signature, so it must be accessed with ['AZURE_OPENAI_ENDPOINT'].
app/api/agent/draft-response/route.ts(9,36): error TS4111: Property 'AZURE_OPENAI_DEPLOYMENT_NAME' comes from an index signature, so it must be accessed with ['AZURE_OPENAI_DEPLOYMENT_NAME'].
app/api/agent/find-suppliers/route.ts(8,28): error TS4111: Property 'AZURE_OPENAI_API_KEY' comes from an index signature, so it must be accessed with ['AZURE_OPENAI_API_KEY'].
app/api/agent/find-suppliers/route.ts(9,30): error TS4111: Property 'AZURE_OPENAI_ENDPOINT' comes from an index signature, so it must be accessed with ['AZURE_OPENAI_ENDPOINT'].
app/api/agent/find-suppliers/route.ts(13,60): error TS4111: Property 'AZURE_OPENAI_DEPLOYMENT_NAME' comes from an index signature, so it must be accessed with ['AZURE_OPENAI_DEPLOYMENT_NAME'].
app/api/agent/find-suppliers/route.ts(143,44): error TS4111: Property 'AZURE_OPENAI_DEPLOYMENT_NAME' comes from an index signature, so it must be accessed with ['AZURE_OPENAI_DEPLOYMENT_NAME'].
app/api/auth/linkedin/callback/route.ts(14,34): error TS4111: Property 'LINKEDIN_CLIENT_ID' comes from an index signature, so it must be accessed with ['LINKEDIN_CLIENT_ID'].
app/api/auth/linkedin/callback/route.ts(15,38): error TS4111: Property 'LINKEDIN_CLIENT_SECRET' comes from an index signature, so it must be accessed with ['LINKEDIN_CLIENT_SECRET'].
app/api/auth/linkedin/callback/route.ts(16,37): error TS4111: Property 'LINKEDIN_CALLBACK_URL' comes from an index signature, so it must be accessed with ['LINKEDIN_CALLBACK_URL'].
app/api/auth/linkedin/route.ts(4,32): error TS4111: Property 'LINKEDIN_CLIENT_ID' comes from an index signature, so it must be accessed with ['LINKEDIN_CLIENT_ID'].
app/api/auth/linkedin/route.ts(5,35): error TS4111: Property 'LINKEDIN_CALLBACK_URL' comes from an index signature, so it must be accessed with ['LINKEDIN_CALLBACK_URL'].
app/api/rfq/chat-init/route.ts(37,101): error TS2339: Property 'plan_name' does not exist on type '{ plan_name: any; }[]'.
app/api/supplier/subscription/status/route.ts(31,50): error TS2339: Property 'plan_name' does not exist on type '{ plan_name: any; }[]'.
app/architect/dashboard-rfq/page.tsx(139,37): error TS7006: Parameter 'rfq' implicitly has an 'any' type.
app/architect/rfq/new/page.tsx(32,20): error TS2304: Cannot find name 'createClient'.
app/architect/rfq/new/page.tsx(47,13): error TS2304: Cannot find name 'preFillUnit'.
app/architect/rfq/new/page.tsx(48,17): error TS2304: Cannot find name 'preFillQty'.
app/architect/rfq/new/page.tsx(76,21): error TS2304: Cannot find name 'projectId'.
app/architect/rfq/new/page.tsx(105,9): error TS18046: 'error' is of type 'unknown'.
app/architect/rfq/new/page.tsx(146,41): error TS2304: Cannot find name 'projectId'.
app/architect/rfq/new/page.tsx(283,43): error TS2304: Cannot find name 'projectId'.
app/architect/rfq/new/page.tsx(330,27): error TS2304: Cannot find name 'preFillName'.
app/architect/rfq/new/page.tsx(330,50): error TS2304: Cannot find name 'preFillName'.
app/compare/page.tsx(46,33): error TS7006: Parameter 'p' implicitly has an 'any' type.
app/layout.tsx(9,3): error TS2345: Argument of type '() => Promise<typeof import("D:/perplexitydownloads/green-sourcing-b2b-app/components/PostHogProvider") | { default: ({ children }: any) => any; }>' is not assignable to parameter of type 'DynamicOptions<any> | Loader<any>'.
  Type '() => Promise<typeof import("D:/perplexitydownloads/green-sourcing-b2b-app/components/PostHogProvider") | { default: ({ children }: any) => any; }>' is not assignable to type '() => LoaderComponent<any>'.
    Type 'Promise<typeof import("D:/perplexitydownloads/green-sourcing-b2b-app/components/PostHogProvider") | { default: ({ children }: any) => any; }>' is not assignable to type 'LoaderComponent<any>'.
      Type 'typeof import("D:/perplexitydownloads/green-sourcing-b2b-app/components/PostHogProvider") | { default: ({ children }: any) => any; }' is not assignable to type 'ComponentType<any> | ComponentModule<any>'.
        Type 'typeof import("D:/perplexitydownloads/green-sourcing-b2b-app/components/PostHogProvider")' is not assignable to type 'ComponentType<any> | ComponentModule<any>'.
app/projects/[id]/page.tsx(11,22): error TS4111: Property 'id' comes from an index signature, so it must be accessed with ['id'].
app/reset-password/page.tsx(24,44): error TS7006: Parameter 'event' implicitly has an 'any' type.
app/reset-password/page.tsx(24,51): error TS7006: Parameter 'session' implicitly has an 'any' type.
app/rfq/[id]/suppliers/page.tsx(19,42): error TS18047: 'params' is possibly 'null'.
app/rfq/[id]/suppliers/page.tsx(19,49): error TS4111: Property 'id' comes from an index signature, so it must be accessed with ['id'].
app/rfq/[id]/suppliers/page.tsx(32,9): error TS18047: 'params' is possibly 'null'.
app/rfq/[id]/suppliers/page.tsx(32,16): error TS4111: Property 'id' comes from an index signature, so it must be accessed with ['id'].
app/rfq/[id]/suppliers/page.tsx(33,7): error TS18047: 'params' is possibly 'null'.
app/rfq/[id]/suppliers/page.tsx(33,14): error TS4111: Property 'id' comes from an index signature, so it must be accessed with ['id'].
app/rfq/[id]/suppliers/page.tsx(104,27): error TS18047: 'params' is possibly 'null'.
app/rfq/[id]/suppliers/page.tsx(104,34): error TS4111: Property 'id' comes from an index signature, so it must be accessed with ['id'].
app/signup/page.tsx(16,8): error TS2304: Cannot find name 'Suspense'.
app/signup/page.tsx(18,9): error TS2304: Cannot find name 'Suspense'.
app/supplier/analytics/page.tsx(135,32): error TS7006: Parameter 'response' implicitly has an 'any' type.
app/supplier/analytics/page.tsx(136,38): error TS7006: Parameter 'r' implicitly has an 'any' type.
app/supplier/analytics/page.tsx(164,56): error TS7006: Parameter 'r' implicitly has an 'any' type.
app/supplier/analytics/page.tsx(170,39): error TS7006: Parameter 'sum' implicitly has an 'any' type.
app/supplier/analytics/page.tsx(170,44): error TS7006: Parameter 'r' implicitly has an 'any' type.
app/supplier/analytics/page.tsx(176,32): error TS7006: Parameter 'response' implicitly has an 'any' type.
app/supplier/analytics/page.tsx(177,38): error TS7006: Parameter 'r' implicitly has an 'any' type.
app/supplier/analytics/page.tsx(200,48): error TS7006: Parameter 'sum' implicitly has an 'any' type.
app/supplier/analytics/page.tsx(201,49): error TS7006: Parameter 'sum' implicitly has an 'any' type.
app/supplier/analytics/page.tsx(205,40): error TS7006: Parameter 'p' implicitly has an 'any' type.
app/supplier/analytics/page.tsx(212,31): error TS7006: Parameter 'response' implicitly has an 'any' type.
app/supplier/analytics/page.tsx(224,54): error TS7006: Parameter 'sum' implicitly has an 'any' type.
app/supplier/analytics/page.tsx(224,59): error TS7006: Parameter 'r' implicitly has an 'any' type.
app/supplier/products/page.tsx(79,67): error TS7006: Parameter 'p' implicitly has an 'any' type.
app/supplier/rfqs/[id]/page.tsx(17,46): error TS18047: 'params' is possibly 'null'.
app/supplier/rfqs/[id]/page.tsx(17,53): error TS4111: Property 'id' comes from an index signature, so it must be accessed with ['id'].
app/supplier/rfqs/[id]/page.tsx(27,9): error TS18047: 'params' is possibly 'null'.
app/supplier/rfqs/[id]/page.tsx(27,16): error TS4111: Property 'id' comes from an index signature, so it must be accessed with ['id'].
app/supplier/rfqs/[id]/page.tsx(28,7): error TS18047: 'params' is possibly 'null'.
app/supplier/rfqs/[id]/page.tsx(28,14): error TS4111: Property 'id' comes from an index signature, so it must be accessed with ['id'].
app/supplier/rfqs/[id]/page.tsx(36,40): error TS18047: 'params' is possibly 'null'.
app/supplier/rfqs/[id]/page.tsx(36,47): error TS4111: Property 'id' comes from an index signature, so it must be accessed with ['id'].
app/supplier/rfqs/[id]/page.tsx(64,49): error TS18047: 'params' is possibly 'null'.
app/supplier/rfqs/[id]/page.tsx(64,56): error TS4111: Property 'id' comes from an index signature, so it must be accessed with ['id'].
app/supplier/rfqs/[id]/page.tsx(67,34): error TS18047: 'params' is possibly 'null'.
app/supplier/rfqs/[id]/page.tsx(67,41): error TS4111: Property 'id' comes from an index signature, so it must be accessed with ['id'].
components/IntercomProvider.tsx(4,10): error TS2305: Module '"@/lib/intercom"' has no exported member 'initIntercom'.
lib/agents/assistant/azure-client.ts(116,38): error TS2339: Property 'epd_url' does not exist on type '{ material: string; embodied_carbon_kg: any; source: string; }'.
lib/agents/scraper/browser-pool.ts(14,17): error TS1117: An object literal cannot have multiple properties with the same name.
lib/auth/constants.ts(1,39): error TS4111: Property 'JWT_SECRET' comes from an index signature, so it must be accessed with ['JWT_SECRET'].
lib/autodesk-sda.ts(3,34): error TS4111: Property 'AUTODESK_CLIENT_ID' comes from an index signature, so it must be accessed with ['AUTODESK_CLIENT_ID'].
lib/autodesk-sda.ts(4,38): error TS4111: Property 'AUTODESK_CLIENT_SECRET' comes from an index signature, so it must be accessed with ['AUTODESK_CLIENT_SECRET'].
lib/autodesk-sda.ts(29,36): error TS4111: Property 'AUTODESK_SDA_API_URL' comes from an index signature, so it must be accessed with ['AUTODESK_SDA_API_URL'].
lib/chat-provider.ts(3,9): error TS2717: Subsequent property declarations must have the same type.  Property 'Intercom' must be of type 'any', but here has type '((command: string, options?: Record<string, unknown> | undefined) => void) | undefined'.
lib/geocode.ts(2,32): error TS4111: Property 'NEXT_PUBLIC_GOOGLE_MAPS_API_KEY' comes from an index signature, so it must be accessed with ['NEXT_PUBLIC_GOOGLE_MAPS_API_KEY'].
lib/intercom.ts(7,29): error TS4111: Property 'INTERCOM_ACCESS_TOKEN' comes from an index signature, so it must be accessed with ['INTERCOM_ACCESS_TOKEN'].
lib/supabase/admin.ts(6,33): error TS4111: Property 'NEXT_PUBLIC_SUPABASE_URL' comes from an index signature, so it must be accessed with ['NEXT_PUBLIC_SUPABASE_URL'].
lib/supabase/admin.ts(7,40): error TS4111: Property 'SUPABASE_SERVICE_ROLE_KEY' comes from an index signature, so it must be accessed with ['SUPABASE_SERVICE_ROLE_KEY'].
lib/supabase/client.ts(1,36): error TS2305: Module '"@supabase/ssr"' has no exported member 'SupabaseClient'.
